<testsuites name="jest tests" tests="16" failures="0" time="0.504">
  <testsuite name="user.reducer" errors="0" failures="0" skipped="0" timestamp="2018-06-26T19:50:49" time="0.169" tests="5">
    <testcase classname="user.reducer AUTHENTICATION_SUCCESS case " name="user.reducer AUTHENTICATION_SUCCESS case " time="0">
    </testcase>
    <testcase classname="user.reducer FETCH_USER_SUCCESS case " name="user.reducer FETCH_USER_SUCCESS case " time="0.001">
    </testcase>
    <testcase classname="user.reducer LOGOUT case " name="user.reducer LOGOUT case " time="0">
    </testcase>
    <testcase classname="user.reducer AUTHENTICATION_FAILURE case " name="user.reducer AUTHENTICATION_FAILURE case " time="0">
    </testcase>
    <testcase classname="user.reducer AUTHENTICATION_REQUEST case " name="user.reducer AUTHENTICATION_REQUEST case " time="0">
    </testcase>
  </testsuite>
  <testsuite name="authentication.actions" errors="0" failures="0" skipped="0" timestamp="2018-06-26T19:50:49" time="0.053" tests="3">
    <testcase classname="authentication.actions request()" name="authentication.actions request()" time="0.001">
    </testcase>
    <testcase classname="authentication.actions success()" name="authentication.actions success()" time="0">
    </testcase>
    <testcase classname="authentication.actions failure()" name="authentication.actions failure()" time="0">
    </testcase>
  </testsuite>
  <testsuite name="alert.actions" errors="0" failures="0" skipped="0" timestamp="2018-06-26T19:50:49" time="0.051" tests="3">
    <testcase classname="alert.actions clear()" name="alert.actions clear()" time="0.001">
    </testcase>
    <testcase classname="alert.actions success()" name="alert.actions success()" time="0">
    </testcase>
    <testcase classname="alert.actions failure()" name="alert.actions failure()" time="0">
    </testcase>
  </testsuite>
  <testsuite name="alert.reducer" errors="0" failures="0" skipped="0" timestamp="2018-06-26T19:50:49" time="0.053" tests="3">
    <testcase classname="alert.reducer ALERT_SUCCESS case " name="alert.reducer ALERT_SUCCESS case " time="0.001">
    </testcase>
    <testcase classname="alert.reducer ALERT_CLEAR case " name="alert.reducer ALERT_CLEAR case " time="0">
    </testcase>
    <testcase classname="alert.reducer ALERT_FAILURE case " name="alert.reducer ALERT_FAILURE case " time="0">
    </testcase>
  </testsuite>
  <testsuite name="authentication.reducer" errors="0" failures="0" skipped="0" timestamp="2018-06-26T19:50:49" time="0.057" tests="2">
    <testcase classname="authentication.reducer AUTHENTICATION_SUCCESS case " name="authentication.reducer AUTHENTICATION_SUCCESS case " time="0.001">
    </testcase>
    <testcase classname="authentication.reducer AUTHENTICATION_SUCCESS case " name="authentication.reducer AUTHENTICATION_SUCCESS case " time="0">
    </testcase>
  </testsuite>
</testsuites>